mar abr 29 23:21:09 CEST 2014 Starting master on asusnotebook
ulimit -n 1024
2014-04-29 23:21:10,375 INFO org.apache.zookeeper.server.ZooKeeperServer: Server environment:zookeeper.version=3.3.2-1031432, built on 11/05/2010 05:32 GMT
2014-04-29 23:21:10,375 INFO org.apache.zookeeper.server.ZooKeeperServer: Server environment:host.name=asusnotebook
2014-04-29 23:21:10,375 INFO org.apache.zookeeper.server.ZooKeeperServer: Server environment:java.version=1.7.0_55
2014-04-29 23:21:10,375 INFO org.apache.zookeeper.server.ZooKeeperServer: Server environment:java.vendor=Oracle Corporation
2014-04-29 23:21:10,375 INFO org.apache.zookeeper.server.ZooKeeperServer: Server environment:java.home=/usr/lib/jvm/java-1.7.0-openjdk-1.7.0.60-2.4.7.0.fc20.x86_64/jre
2014-04-29 23:21:10,375 INFO org.apache.zookeeper.server.ZooKeeperServer: Server environment:java.class.path=/var/bigdata/hbase/conf:/usr/lib/jvm/java-1.7.0-openjdk/lib/tools.jar:/var/bigdata/hbase:/var/bigdata/hbase/hbase-0.90.4.jar:/var/bigdata/hbase/hbase-0.90.4-tests.jar:/var/bigdata/hbase/lib/activation-1.1.jar:/var/bigdata/hbase/lib/asm-3.1.jar:/var/bigdata/hbase/lib/avro-1.3.3.jar:/var/bigdata/hbase/lib/commons-cli-1.2.jar:/var/bigdata/hbase/lib/commons-codec-1.4.jar:/var/bigdata/hbase/lib/commons-el-1.0.jar:/var/bigdata/hbase/lib/commons-httpclient-3.1.jar:/var/bigdata/hbase/lib/commons-lang-2.5.jar:/var/bigdata/hbase/lib/commons-logging-1.1.1.jar:/var/bigdata/hbase/lib/commons-net-1.4.1.jar:/var/bigdata/hbase/lib/core-3.1.1.jar:/var/bigdata/hbase/lib/guava-r06.jar:/var/bigdata/hbase/lib/hadoop-core-0.20-append-r1056497.jar:/var/bigdata/hbase/lib/jackson-core-asl-1.5.5.jar:/var/bigdata/hbase/lib/jackson-jaxrs-1.5.5.jar:/var/bigdata/hbase/lib/jackson-mapper-asl-1.4.2.jar:/var/bigdata/hbase/lib/jackson-xc-1.5.5.jar:/var/bigdata/hbase/lib/jasper-compiler-5.5.23.jar:/var/bigdata/hbase/lib/jasper-runtime-5.5.23.jar:/var/bigdata/hbase/lib/jaxb-api-2.1.jar:/var/bigdata/hbase/lib/jaxb-impl-2.1.12.jar:/var/bigdata/hbase/lib/jersey-core-1.4.jar:/var/bigdata/hbase/lib/jersey-json-1.4.jar:/var/bigdata/hbase/lib/jersey-server-1.4.jar:/var/bigdata/hbase/lib/jettison-1.1.jar:/var/bigdata/hbase/lib/jetty-6.1.26.jar:/var/bigdata/hbase/lib/jetty-util-6.1.26.jar:/var/bigdata/hbase/lib/jruby-complete-1.6.0.jar:/var/bigdata/hbase/lib/jsp-2.1-6.1.14.jar:/var/bigdata/hbase/lib/jsp-api-2.1-6.1.14.jar:/var/bigdata/hbase/lib/jsr311-api-1.1.1.jar:/var/bigdata/hbase/lib/log4j-1.2.16.jar:/var/bigdata/hbase/lib/protobuf-java-2.3.0.jar:/var/bigdata/hbase/lib/servlet-api-2.5-6.1.14.jar:/var/bigdata/hbase/lib/slf4j-api-1.5.8.jar:/var/bigdata/hbase/lib/slf4j-log4j12-1.5.8.jar:/var/bigdata/hbase/lib/stax-api-1.0.1.jar:/var/bigdata/hbase/lib/thrift-0.2.0.jar:/var/bigdata/hbase/lib/xmlenc-0.52.jar:/var/bigdata/hbase/lib/zookeeper-3.3.2.jar
2014-04-29 23:21:10,375 INFO org.apache.zookeeper.server.ZooKeeperServer: Server environment:java.library.path=/usr/java/packages/lib/amd64:/usr/lib64:/lib64:/lib:/usr/lib
2014-04-29 23:21:10,375 INFO org.apache.zookeeper.server.ZooKeeperServer: Server environment:java.io.tmpdir=/tmp
2014-04-29 23:21:10,375 INFO org.apache.zookeeper.server.ZooKeeperServer: Server environment:java.compiler=<NA>
2014-04-29 23:21:10,375 INFO org.apache.zookeeper.server.ZooKeeperServer: Server environment:os.name=Linux
2014-04-29 23:21:10,375 INFO org.apache.zookeeper.server.ZooKeeperServer: Server environment:os.arch=amd64
2014-04-29 23:21:10,376 INFO org.apache.zookeeper.server.ZooKeeperServer: Server environment:os.version=3.13.10-200.fc20.x86_64+debug
2014-04-29 23:21:10,376 INFO org.apache.zookeeper.server.ZooKeeperServer: Server environment:user.name=MaC
2014-04-29 23:21:10,376 INFO org.apache.zookeeper.server.ZooKeeperServer: Server environment:user.home=/home/MaC
2014-04-29 23:21:10,376 INFO org.apache.zookeeper.server.ZooKeeperServer: Server environment:user.dir=/var/bigdata/hbase
2014-04-29 23:21:10,389 INFO org.apache.zookeeper.server.ZooKeeperServer: Created server with tickTime 2000 minSessionTimeout 4000 maxSessionTimeout 40000 datadir /var/bigdata/hbase/tmp/zookeeper/zookeeper/version-2 snapdir /var/bigdata/hbase/tmp/zookeeper/zookeeper/version-2
2014-04-29 23:21:10,402 INFO org.apache.zookeeper.server.NIOServerCnxn: binding to port 0.0.0.0/0.0.0.0:2181
2014-04-29 23:21:10,407 INFO org.apache.zookeeper.server.persistence.FileTxnSnapLog: Snapshotting: 0
2014-04-29 23:21:10,485 INFO org.apache.zookeeper.server.NIOServerCnxn: Accepted socket connection from /127.0.0.1:35217
2014-04-29 23:21:10,487 INFO org.apache.zookeeper.server.NIOServerCnxn: Processing stat command from /127.0.0.1:35217
2014-04-29 23:21:10,489 INFO org.apache.zookeeper.server.NIOServerCnxn: Stat command output
2014-04-29 23:21:10,490 INFO org.apache.hadoop.hbase.zookeeper.MiniZooKeeperCluster: Started MiniZK Server on client port: 2181
2014-04-29 23:21:10,492 INFO org.apache.zookeeper.server.NIOServerCnxn: Closed socket connection for client /127.0.0.1:35217 (no session established for client)
2014-04-29 23:21:10,533 INFO org.apache.hadoop.hbase.ipc.HBaseRpcMetrics: Initializing RPC Metrics with hostName=HMasterCommandLine$LocalHMaster, port=43512
2014-04-29 23:21:10,551 INFO org.apache.hadoop.hbase.security.User: Skipping login, not running on secure Hadoop
2014-04-29 23:21:10,552 INFO org.apache.hadoop.ipc.HBaseServer: IPC Server Responder: starting
2014-04-29 23:21:10,552 INFO org.apache.hadoop.ipc.HBaseServer: IPC Server listener on 43512: starting
2014-04-29 23:21:10,554 INFO org.apache.hadoop.ipc.HBaseServer: IPC Server handler 0 on 43512: starting
2014-04-29 23:21:10,554 INFO org.apache.hadoop.ipc.HBaseServer: IPC Server handler 1 on 43512: starting
2014-04-29 23:21:10,554 INFO org.apache.hadoop.ipc.HBaseServer: IPC Server handler 2 on 43512: starting
2014-04-29 23:21:10,554 INFO org.apache.hadoop.ipc.HBaseServer: IPC Server handler 3 on 43512: starting
2014-04-29 23:21:10,555 INFO org.apache.hadoop.ipc.HBaseServer: IPC Server handler 4 on 43512: starting
2014-04-29 23:21:10,555 INFO org.apache.hadoop.ipc.HBaseServer: IPC Server handler 5 on 43512: starting
2014-04-29 23:21:10,555 INFO org.apache.hadoop.ipc.HBaseServer: IPC Server handler 6 on 43512: starting
2014-04-29 23:21:10,555 INFO org.apache.hadoop.ipc.HBaseServer: IPC Server handler 7 on 43512: starting
2014-04-29 23:21:10,555 INFO org.apache.hadoop.ipc.HBaseServer: IPC Server handler 8 on 43512: starting
2014-04-29 23:21:10,556 INFO org.apache.hadoop.ipc.HBaseServer: IPC Server handler 9 on 43512: starting
2014-04-29 23:21:10,565 INFO org.apache.zookeeper.ZooKeeper: Client environment:zookeeper.version=3.3.2-1031432, built on 11/05/2010 05:32 GMT
2014-04-29 23:21:10,565 INFO org.apache.zookeeper.ZooKeeper: Client environment:host.name=asusnotebook
2014-04-29 23:21:10,565 INFO org.apache.zookeeper.ZooKeeper: Client environment:java.version=1.7.0_55
2014-04-29 23:21:10,565 INFO org.apache.zookeeper.ZooKeeper: Client environment:java.vendor=Oracle Corporation
2014-04-29 23:21:10,565 INFO org.apache.zookeeper.ZooKeeper: Client environment:java.home=/usr/lib/jvm/java-1.7.0-openjdk-1.7.0.60-2.4.7.0.fc20.x86_64/jre
2014-04-29 23:21:10,565 INFO org.apache.zookeeper.ZooKeeper: Client environment:java.class.path=/var/bigdata/hbase/conf:/usr/lib/jvm/java-1.7.0-openjdk/lib/tools.jar:/var/bigdata/hbase:/var/bigdata/hbase/hbase-0.90.4.jar:/var/bigdata/hbase/hbase-0.90.4-tests.jar:/var/bigdata/hbase/lib/activation-1.1.jar:/var/bigdata/hbase/lib/asm-3.1.jar:/var/bigdata/hbase/lib/avro-1.3.3.jar:/var/bigdata/hbase/lib/commons-cli-1.2.jar:/var/bigdata/hbase/lib/commons-codec-1.4.jar:/var/bigdata/hbase/lib/commons-el-1.0.jar:/var/bigdata/hbase/lib/commons-httpclient-3.1.jar:/var/bigdata/hbase/lib/commons-lang-2.5.jar:/var/bigdata/hbase/lib/commons-logging-1.1.1.jar:/var/bigdata/hbase/lib/commons-net-1.4.1.jar:/var/bigdata/hbase/lib/core-3.1.1.jar:/var/bigdata/hbase/lib/guava-r06.jar:/var/bigdata/hbase/lib/hadoop-core-0.20-append-r1056497.jar:/var/bigdata/hbase/lib/jackson-core-asl-1.5.5.jar:/var/bigdata/hbase/lib/jackson-jaxrs-1.5.5.jar:/var/bigdata/hbase/lib/jackson-mapper-asl-1.4.2.jar:/var/bigdata/hbase/lib/jackson-xc-1.5.5.jar:/var/bigdata/hbase/lib/jasper-compiler-5.5.23.jar:/var/bigdata/hbase/lib/jasper-runtime-5.5.23.jar:/var/bigdata/hbase/lib/jaxb-api-2.1.jar:/var/bigdata/hbase/lib/jaxb-impl-2.1.12.jar:/var/bigdata/hbase/lib/jersey-core-1.4.jar:/var/bigdata/hbase/lib/jersey-json-1.4.jar:/var/bigdata/hbase/lib/jersey-server-1.4.jar:/var/bigdata/hbase/lib/jettison-1.1.jar:/var/bigdata/hbase/lib/jetty-6.1.26.jar:/var/bigdata/hbase/lib/jetty-util-6.1.26.jar:/var/bigdata/hbase/lib/jruby-complete-1.6.0.jar:/var/bigdata/hbase/lib/jsp-2.1-6.1.14.jar:/var/bigdata/hbase/lib/jsp-api-2.1-6.1.14.jar:/var/bigdata/hbase/lib/jsr311-api-1.1.1.jar:/var/bigdata/hbase/lib/log4j-1.2.16.jar:/var/bigdata/hbase/lib/protobuf-java-2.3.0.jar:/var/bigdata/hbase/lib/servlet-api-2.5-6.1.14.jar:/var/bigdata/hbase/lib/slf4j-api-1.5.8.jar:/var/bigdata/hbase/lib/slf4j-log4j12-1.5.8.jar:/var/bigdata/hbase/lib/stax-api-1.0.1.jar:/var/bigdata/hbase/lib/thrift-0.2.0.jar:/var/bigdata/hbase/lib/xmlenc-0.52.jar:/var/bigdata/hbase/lib/zookeeper-3.3.2.jar
2014-04-29 23:21:10,565 INFO org.apache.zookeeper.ZooKeeper: Client environment:java.library.path=/usr/java/packages/lib/amd64:/usr/lib64:/lib64:/lib:/usr/lib
2014-04-29 23:21:10,565 INFO org.apache.zookeeper.ZooKeeper: Client environment:java.io.tmpdir=/tmp
2014-04-29 23:21:10,565 INFO org.apache.zookeeper.ZooKeeper: Client environment:java.compiler=<NA>
2014-04-29 23:21:10,566 INFO org.apache.zookeeper.ZooKeeper: Client environment:os.name=Linux
2014-04-29 23:21:10,566 INFO org.apache.zookeeper.ZooKeeper: Client environment:os.arch=amd64
2014-04-29 23:21:10,566 INFO org.apache.zookeeper.ZooKeeper: Client environment:os.version=3.13.10-200.fc20.x86_64+debug
2014-04-29 23:21:10,566 INFO org.apache.zookeeper.ZooKeeper: Client environment:user.name=MaC
2014-04-29 23:21:10,566 INFO org.apache.zookeeper.ZooKeeper: Client environment:user.home=/home/MaC
2014-04-29 23:21:10,566 INFO org.apache.zookeeper.ZooKeeper: Client environment:user.dir=/var/bigdata/hbase
2014-04-29 23:21:10,567 INFO org.apache.zookeeper.ZooKeeper: Initiating client connection, connectString=localhost:2181 sessionTimeout=180000 watcher=master:43512
2014-04-29 23:21:10,577 INFO org.apache.zookeeper.ClientCnxn: Opening socket connection to server localhost/127.0.0.1:2181
2014-04-29 23:21:10,578 INFO org.apache.zookeeper.server.NIOServerCnxn: Accepted socket connection from /127.0.0.1:35218
2014-04-29 23:21:10,578 INFO org.apache.zookeeper.ClientCnxn: Socket connection established to localhost/127.0.0.1:2181, initiating session
2014-04-29 23:21:10,581 INFO org.apache.zookeeper.server.NIOServerCnxn: Client attempting to establish new session at /127.0.0.1:35218
2014-04-29 23:21:10,582 INFO org.apache.zookeeper.server.persistence.FileTxnLog: Creating new log file: log.1
2014-04-29 23:21:10,629 INFO org.apache.zookeeper.server.NIOServerCnxn: Established session 0x145af5cdf0f0000 with negotiated timeout 40000 for client /127.0.0.1:35218
2014-04-29 23:21:10,629 INFO org.apache.zookeeper.ClientCnxn: Session establishment complete on server localhost/127.0.0.1:2181, sessionid = 0x145af5cdf0f0000, negotiated timeout = 40000
2014-04-29 23:21:10,796 INFO org.apache.hadoop.metrics.jvm.JvmMetrics: Initializing JVM Metrics with processName=Master, sessionId=asusnotebook:43512
2014-04-29 23:21:10,802 INFO org.apache.hadoop.hbase.metrics: MetricsString added: revision
2014-04-29 23:21:10,802 INFO org.apache.hadoop.hbase.metrics: MetricsString added: hdfsUser
2014-04-29 23:21:10,802 INFO org.apache.hadoop.hbase.metrics: MetricsString added: hdfsDate
2014-04-29 23:21:10,802 INFO org.apache.hadoop.hbase.metrics: MetricsString added: hdfsUrl
2014-04-29 23:21:10,802 INFO org.apache.hadoop.hbase.metrics: MetricsString added: date
2014-04-29 23:21:10,802 INFO org.apache.hadoop.hbase.metrics: MetricsString added: hdfsRevision
2014-04-29 23:21:10,802 INFO org.apache.hadoop.hbase.metrics: MetricsString added: user
2014-04-29 23:21:10,802 INFO org.apache.hadoop.hbase.metrics: MetricsString added: hdfsVersion
2014-04-29 23:21:10,802 INFO org.apache.hadoop.hbase.metrics: MetricsString added: url
2014-04-29 23:21:10,802 INFO org.apache.hadoop.hbase.metrics: MetricsString added: version
2014-04-29 23:21:10,802 INFO org.apache.hadoop.hbase.metrics: new MBeanInfo
2014-04-29 23:21:10,803 INFO org.apache.hadoop.hbase.metrics: new MBeanInfo
2014-04-29 23:21:10,803 INFO org.apache.hadoop.hbase.master.metrics.MasterMetrics: Initialized
2014-04-29 23:21:10,844 INFO org.apache.zookeeper.ZooKeeper: Initiating client connection, connectString=localhost:2181 sessionTimeout=180000 watcher=hconnection
2014-04-29 23:21:10,845 INFO org.apache.zookeeper.ClientCnxn: Opening socket connection to server localhost/127.0.0.1:2181
2014-04-29 23:21:10,846 INFO org.apache.zookeeper.ClientCnxn: Socket connection established to localhost/127.0.0.1:2181, initiating session
2014-04-29 23:21:10,846 INFO org.apache.zookeeper.server.NIOServerCnxn: Accepted socket connection from /127.0.0.1:35219
2014-04-29 23:21:10,846 INFO org.apache.zookeeper.server.NIOServerCnxn: Client attempting to establish new session at /127.0.0.1:35219
2014-04-29 23:21:10,882 INFO org.apache.zookeeper.server.NIOServerCnxn: Established session 0x145af5cdf0f0001 with negotiated timeout 40000 for client /127.0.0.1:35219
2014-04-29 23:21:10,883 INFO org.apache.zookeeper.ClientCnxn: Session establishment complete on server localhost/127.0.0.1:2181, sessionid = 0x145af5cdf0f0001, negotiated timeout = 40000
2014-04-29 23:21:10,894 INFO org.apache.hadoop.hbase.ipc.HBaseRpcMetrics: Initializing RPC Metrics with hostName=HRegionServer, port=33667
2014-04-29 23:21:10,905 INFO org.apache.hadoop.hbase.security.User: Skipping login, not running on secure Hadoop
2014-04-29 23:21:10,907 INFO org.apache.zookeeper.ZooKeeper: Initiating client connection, connectString=localhost:2181 sessionTimeout=180000 watcher=regionserver:33667
2014-04-29 23:21:10,907 INFO org.apache.zookeeper.ClientCnxn: Opening socket connection to server localhost/127.0.0.1:2181
2014-04-29 23:21:10,908 INFO org.apache.zookeeper.ClientCnxn: Socket connection established to localhost/127.0.0.1:2181, initiating session
2014-04-29 23:21:10,908 INFO org.apache.zookeeper.server.NIOServerCnxn: Accepted socket connection from /127.0.0.1:35220
2014-04-29 23:21:10,908 INFO org.apache.zookeeper.server.NIOServerCnxn: Client attempting to establish new session at /127.0.0.1:35220
2014-04-29 23:21:10,939 INFO org.apache.hadoop.hbase.master.ActiveMasterManager: Master=asusnotebook:43512
2014-04-29 23:21:10,983 INFO org.apache.zookeeper.server.NIOServerCnxn: Established session 0x145af5cdf0f0002 with negotiated timeout 40000 for client /127.0.0.1:35220
2014-04-29 23:21:10,983 INFO org.apache.zookeeper.ClientCnxn: Session establishment complete on server localhost/127.0.0.1:2181, sessionid = 0x145af5cdf0f0002, negotiated timeout = 40000
2014-04-29 23:21:11,239 DEBUG org.apache.hadoop.hbase.util.FSUtils: Created version file at file:/var/bigdata/hbase/tmp/hbase set its version at:7
2014-04-29 23:21:11,239 INFO org.apache.hadoop.hbase.master.MasterFileSystem: BOOTSTRAP: creating ROOT and first META regions
2014-04-29 23:21:11,246 INFO org.apache.hadoop.hbase.regionserver.wal.HLog: HLog configuration: blocksize=32 MB, rollsize=30.4 MB, enabled=true, optionallogflushinternal=1000ms
2014-04-29 23:21:11,319 INFO org.apache.hadoop.hbase.regionserver.wal.SequenceFileLogWriter: syncFs -- HDFS-200 -- not available, dfs.support.append=false
2014-04-29 23:21:11,319 INFO org.apache.hadoop.hbase.regionserver.wal.HLog: New hlog /var/bigdata/hbase/tmp/hbase/-ROOT-/70236052/.logs/hlog.1398806471246
2014-04-29 23:21:11,320 INFO org.apache.hadoop.hbase.regionserver.wal.HLog: getNumCurrentReplicas--HDFS-826 not available; hdfs_out=org.apache.hadoop.fs.ChecksumFileSystem$ChecksumFSOutputSummer@b86527e, exception=org.apache.hadoop.fs.ChecksumFileSystem$ChecksumFSOutputSummer.getNumCurrentReplicas()
2014-04-29 23:21:11,324 DEBUG org.apache.hadoop.hbase.regionserver.HRegion: Instantiated -ROOT-,,0.70236052
2014-04-29 23:21:11,383 INFO org.apache.hadoop.hbase.regionserver.HRegion: Onlined -ROOT-,,0.70236052; next sequenceid=1
2014-04-29 23:21:11,386 INFO org.apache.hadoop.hbase.regionserver.wal.HLog: HLog configuration: blocksize=32 MB, rollsize=30.4 MB, enabled=true, optionallogflushinternal=1000ms
2014-04-29 23:21:11,395 INFO org.apache.hadoop.hbase.regionserver.wal.SequenceFileLogWriter: syncFs -- HDFS-200 -- not available, dfs.support.append=false
2014-04-29 23:21:11,395 INFO org.apache.hadoop.hbase.regionserver.wal.HLog: New hlog /var/bigdata/hbase/tmp/hbase/.META./1028785192/.logs/hlog.1398806471386
2014-04-29 23:21:11,395 INFO org.apache.hadoop.hbase.regionserver.wal.HLog: getNumCurrentReplicas--HDFS-826 not available; hdfs_out=org.apache.hadoop.fs.ChecksumFileSystem$ChecksumFSOutputSummer@7e6cb446, exception=org.apache.hadoop.fs.ChecksumFileSystem$ChecksumFSOutputSummer.getNumCurrentReplicas()
2014-04-29 23:21:11,395 DEBUG org.apache.hadoop.hbase.regionserver.HRegion: Instantiated .META.,,1.1028785192
2014-04-29 23:21:11,411 INFO org.apache.hadoop.hbase.regionserver.HRegion: Onlined .META.,,1.1028785192; next sequenceid=1
2014-04-29 23:21:11,414 DEBUG org.apache.hadoop.hbase.regionserver.HRegion: Closing -ROOT-,,0.70236052: disabling compactions & flushes
2014-04-29 23:21:11,414 DEBUG org.apache.hadoop.hbase.regionserver.HRegion: Updates disabled for region -ROOT-,,0.70236052
2014-04-29 23:21:11,414 DEBUG org.apache.hadoop.hbase.regionserver.HRegion: Started memstore flush for -ROOT-,,0.70236052, current region memstore size 496,0
2014-04-29 23:21:11,415 DEBUG org.apache.hadoop.hbase.regionserver.HRegion: Finished snapshotting, commencing flushing stores
2014-04-29 23:21:11,430 INFO org.apache.hadoop.hbase.regionserver.Store: Renaming flushed file at file:/var/bigdata/hbase/tmp/hbase/-ROOT-/70236052/.tmp/1884583145270454851 to file:/var/bigdata/hbase/tmp/hbase/-ROOT-/70236052/info/8962687724863715942
2014-04-29 23:21:11,436 INFO org.apache.hadoop.hbase.regionserver.Store: Added file:/var/bigdata/hbase/tmp/hbase/-ROOT-/70236052/info/8962687724863715942, entries=1, sequenceid=2, memsize=496,0, filesize=706,0
2014-04-29 23:21:11,437 INFO org.apache.hadoop.hbase.regionserver.HRegion: Finished memstore flush of ~496,0 for region -ROOT-,,0.70236052 in 23ms, sequenceid=2, compaction requested=false
2014-04-29 23:21:11,437 DEBUG org.apache.hadoop.hbase.regionserver.Store: closed info
2014-04-29 23:21:11,437 INFO org.apache.hadoop.hbase.regionserver.HRegion: Closed -ROOT-,,0.70236052
2014-04-29 23:21:11,438 DEBUG org.apache.hadoop.hbase.regionserver.wal.HLog: Master:0;asusnotebook:43512.logSyncer interrupted while waiting for sync requests
2014-04-29 23:21:11,438 INFO org.apache.hadoop.hbase.regionserver.wal.HLog: Master:0;asusnotebook:43512.logSyncer exiting
2014-04-29 23:21:11,438 DEBUG org.apache.hadoop.hbase.regionserver.wal.HLog: closing hlog writer in file:/var/bigdata/hbase/tmp/hbase/-ROOT-/70236052/.logs
2014-04-29 23:21:11,440 DEBUG org.apache.hadoop.hbase.regionserver.wal.HLog: Moved 1 log files to /var/bigdata/hbase/tmp/hbase/-ROOT-/70236052/.oldlogs
2014-04-29 23:21:11,440 DEBUG org.apache.hadoop.hbase.regionserver.HRegion: Closing .META.,,1.1028785192: disabling compactions & flushes
2014-04-29 23:21:11,440 DEBUG org.apache.hadoop.hbase.regionserver.HRegion: Updates disabled for region .META.,,1.1028785192
2014-04-29 23:21:11,440 DEBUG org.apache.hadoop.hbase.regionserver.Store: closed info
2014-04-29 23:21:11,440 INFO org.apache.hadoop.hbase.regionserver.HRegion: Closed .META.,,1.1028785192
2014-04-29 23:21:11,440 DEBUG org.apache.hadoop.hbase.regionserver.wal.HLog: Master:0;asusnotebook:43512.logSyncer interrupted while waiting for sync requests
2014-04-29 23:21:11,440 INFO org.apache.hadoop.hbase.regionserver.wal.HLog: Master:0;asusnotebook:43512.logSyncer exiting
2014-04-29 23:21:11,440 DEBUG org.apache.hadoop.hbase.regionserver.wal.HLog: closing hlog writer in file:/var/bigdata/hbase/tmp/hbase/.META./1028785192/.logs
2014-04-29 23:21:11,442 DEBUG org.apache.hadoop.hbase.regionserver.wal.HLog: Moved 1 log files to /var/bigdata/hbase/tmp/hbase/.META./1028785192/.oldlogs
2014-04-29 23:21:11,444 INFO org.apache.zookeeper.ZooKeeper: Initiating client connection, connectString=localhost:2181 sessionTimeout=180000 watcher=hconnection
2014-04-29 23:21:11,444 INFO org.apache.zookeeper.ClientCnxn: Opening socket connection to server localhost/127.0.0.1:2181
2014-04-29 23:21:11,445 INFO org.apache.zookeeper.ClientCnxn: Socket connection established to localhost/127.0.0.1:2181, initiating session
2014-04-29 23:21:11,445 INFO org.apache.zookeeper.server.NIOServerCnxn: Accepted socket connection from /127.0.0.1:35221
2014-04-29 23:21:11,448 INFO org.apache.zookeeper.server.NIOServerCnxn: Client attempting to establish new session at /127.0.0.1:35221
2014-04-29 23:21:11,495 INFO org.apache.zookeeper.server.NIOServerCnxn: Established session 0x145af5cdf0f0003 with negotiated timeout 40000 for client /127.0.0.1:35221
2014-04-29 23:21:11,495 INFO org.apache.zookeeper.ClientCnxn: Session establishment complete on server localhost/127.0.0.1:2181, sessionid = 0x145af5cdf0f0003, negotiated timeout = 40000
2014-04-29 23:21:11,508 DEBUG org.apache.hadoop.hbase.catalog.CatalogTracker: Starting catalog tracker org.apache.hadoop.hbase.catalog.CatalogTracker@614b6827
2014-04-29 23:21:11,574 INFO org.apache.hadoop.hbase.master.HMaster: Server active/primary master; asusnotebook:43512, sessionid=0x145af5cdf0f0000, cluster-up flag was=false
2014-04-29 23:21:11,575 DEBUG org.apache.hadoop.hbase.executor.ExecutorService: Starting executor service name=MASTER_OPEN_REGION-asusnotebook:43512, corePoolSize=5, maxPoolSize=5
2014-04-29 23:21:11,576 DEBUG org.apache.hadoop.hbase.executor.ExecutorService: Starting executor service name=MASTER_CLOSE_REGION-asusnotebook:43512, corePoolSize=5, maxPoolSize=5
2014-04-29 23:21:11,576 DEBUG org.apache.hadoop.hbase.executor.ExecutorService: Starting executor service name=MASTER_SERVER_OPERATIONS-asusnotebook:43512, corePoolSize=3, maxPoolSize=3
2014-04-29 23:21:11,576 DEBUG org.apache.hadoop.hbase.executor.ExecutorService: Starting executor service name=MASTER_META_SERVER_OPERATIONS-asusnotebook:43512, corePoolSize=5, maxPoolSize=5
2014-04-29 23:21:11,576 DEBUG org.apache.hadoop.hbase.executor.ExecutorService: Starting executor service name=MASTER_TABLE_OPERATIONS-asusnotebook:43512, corePoolSize=1, maxPoolSize=1
2014-04-29 23:21:11,577 DEBUG org.apache.hadoop.hbase.master.LogCleaner: Add log cleaner in chain: org.apache.hadoop.hbase.master.TimeToLiveLogCleaner
2014-04-29 23:21:11,606 DEBUG org.apache.hadoop.hbase.catalog.CatalogTracker: Starting catalog tracker org.apache.hadoop.hbase.catalog.CatalogTracker@1e7e23d1
2014-04-29 23:21:11,630 INFO org.apache.hadoop.hbase.regionserver.MemStoreFlusher: globalMemStoreLimit=386,7m, globalMemStoreLimitLowMark=338,4m, maxHeap=966,8m
2014-04-29 23:21:11,633 DEBUG org.apache.hadoop.hbase.regionserver.PriorityCompactionQueue: Create PriorityCompactionQueue
2014-04-29 23:21:11,633 INFO org.apache.hadoop.hbase.regionserver.HRegionServer: Runs every 10000000ms
2014-04-29 23:21:11,663 INFO org.apache.hadoop.hbase.regionserver.HRegionServer: Attempting connect to Master server at asusnotebook:43512
2014-04-29 23:21:11,700 INFO org.mortbay.log: Logging to org.slf4j.impl.Log4jLoggerAdapter(org.mortbay.log) via org.mortbay.log.Slf4jLog
2014-04-29 23:21:11,728 INFO org.apache.hadoop.hbase.regionserver.HRegionServer: Master isn't available yet, retrying
2014-04-29 23:21:11,770 INFO org.apache.hadoop.http.HttpServer: Port returned by webServer.getConnectors()[0].getLocalPort() before open() is -1. Opening the listener on 60010
2014-04-29 23:21:11,771 INFO org.apache.hadoop.http.HttpServer: listener.getLocalPort() returned 60010 webServer.getConnectors()[0].getLocalPort() returned 60010
2014-04-29 23:21:11,771 INFO org.apache.hadoop.http.HttpServer: Jetty bound to port 60010
2014-04-29 23:21:11,771 INFO org.mortbay.log: jetty-6.1.26
2014-04-29 23:21:12,086 INFO org.mortbay.log: Started SelectChannelConnector@0.0.0.0:60010
2014-04-29 23:21:12,087 DEBUG org.apache.hadoop.hbase.master.HMaster: Started service threads
2014-04-29 23:21:13,587 INFO org.apache.hadoop.hbase.master.ServerManager: Waiting on regionserver(s) to checkin
2014-04-29 23:21:14,729 INFO org.apache.hadoop.hbase.regionserver.HRegionServer: Attempting connect to Master server at asusnotebook:43512
2014-04-29 23:21:14,731 INFO org.apache.hadoop.hbase.regionserver.HRegionServer: Connected to master at asusnotebook:43512
2014-04-29 23:21:14,779 INFO org.apache.hadoop.hbase.regionserver.HRegionServer: Telling master at asusnotebook:43512 that we are up
2014-04-29 23:21:14,781 INFO org.apache.hadoop.hbase.master.ServerManager: Registering server=asusnotebook,33667,1398806470905, regionCount=0, userLoad=false
2014-04-29 23:21:14,786 INFO org.apache.hadoop.hbase.regionserver.HRegionServer: Master passed us address to use. Was=asusnotebook:33667, Now=asusnotebook:33667
2014-04-29 23:21:14,786 DEBUG org.apache.hadoop.hbase.regionserver.HRegionServer: Config from master: fs.default.name=file:///
2014-04-29 23:21:14,786 DEBUG org.apache.hadoop.hbase.regionserver.HRegionServer: Config from master: hbase.rootdir=/var/bigdata/hbase/tmp/hbase
2014-04-29 23:21:14,787 DEBUG org.apache.hadoop.hbase.regionserver.HRegionServer: logdir=/var/bigdata/hbase/tmp/hbase/.logs/asusnotebook,33667,1398806470905
2014-04-29 23:21:14,789 INFO org.apache.hadoop.hbase.regionserver.wal.HLog: HLog configuration: blocksize=32 MB, rollsize=30.4 MB, enabled=true, optionallogflushinternal=1000ms
2014-04-29 23:21:14,815 INFO org.apache.hadoop.hbase.regionserver.wal.SequenceFileLogWriter: syncFs -- HDFS-200 -- not available, dfs.support.append=false
2014-04-29 23:21:14,816 INFO org.apache.hadoop.hbase.regionserver.wal.HLog: New hlog /var/bigdata/hbase/tmp/hbase/.logs/asusnotebook,33667,1398806470905/asusnotebook%3A33667.1398806474801
2014-04-29 23:21:14,816 INFO org.apache.hadoop.hbase.regionserver.wal.HLog: getNumCurrentReplicas--HDFS-826 not available; hdfs_out=org.apache.hadoop.fs.ChecksumFileSystem$ChecksumFSOutputSummer@7168fb5a, exception=org.apache.hadoop.fs.ChecksumFileSystem$ChecksumFSOutputSummer.getNumCurrentReplicas()
2014-04-29 23:21:14,818 INFO org.apache.hadoop.metrics.jvm.JvmMetrics: Cannot initialize JVM Metrics with processName=RegionServer, sessionId=RegionServer:0;asusnotebook,33667,1398806470905 - already initialized
2014-04-29 23:21:14,820 INFO org.apache.hadoop.hbase.metrics: new MBeanInfo
2014-04-29 23:21:14,820 INFO org.apache.hadoop.hbase.regionserver.metrics.RegionServerMetrics: Initialized
2014-04-29 23:21:14,821 DEBUG org.apache.hadoop.hbase.executor.ExecutorService: Starting executor service name=RS_OPEN_REGION-asusnotebook,33667,1398806470905, corePoolSize=3, maxPoolSize=3
2014-04-29 23:21:14,821 DEBUG org.apache.hadoop.hbase.executor.ExecutorService: Starting executor service name=RS_OPEN_ROOT-asusnotebook,33667,1398806470905, corePoolSize=1, maxPoolSize=1
2014-04-29 23:21:14,821 DEBUG org.apache.hadoop.hbase.executor.ExecutorService: Starting executor service name=RS_OPEN_META-asusnotebook,33667,1398806470905, corePoolSize=1, maxPoolSize=1
2014-04-29 23:21:14,821 DEBUG org.apache.hadoop.hbase.executor.ExecutorService: Starting executor service name=RS_CLOSE_REGION-asusnotebook,33667,1398806470905, corePoolSize=3, maxPoolSize=3
2014-04-29 23:21:14,821 DEBUG org.apache.hadoop.hbase.executor.ExecutorService: Starting executor service name=RS_CLOSE_ROOT-asusnotebook,33667,1398806470905, corePoolSize=1, maxPoolSize=1
2014-04-29 23:21:14,821 DEBUG org.apache.hadoop.hbase.executor.ExecutorService: Starting executor service name=RS_CLOSE_META-asusnotebook,33667,1398806470905, corePoolSize=1, maxPoolSize=1
2014-04-29 23:21:14,837 INFO org.apache.hadoop.http.HttpServer: Port returned by webServer.getConnectors()[0].getLocalPort() before open() is -1. Opening the listener on 60030
2014-04-29 23:21:14,837 INFO org.apache.hadoop.http.HttpServer: listener.getLocalPort() returned 60030 webServer.getConnectors()[0].getLocalPort() returned 60030
2014-04-29 23:21:14,837 INFO org.apache.hadoop.http.HttpServer: Jetty bound to port 60030
2014-04-29 23:21:14,837 INFO org.mortbay.log: jetty-6.1.26
2014-04-29 23:21:14,952 INFO org.mortbay.log: Started SelectChannelConnector@0.0.0.0:60030
2014-04-29 23:21:14,953 INFO org.apache.hadoop.ipc.HBaseServer: IPC Server Responder: starting
2014-04-29 23:21:14,956 INFO org.apache.hadoop.ipc.HBaseServer: IPC Server listener on 33667: starting
2014-04-29 23:21:14,959 INFO org.apache.hadoop.ipc.HBaseServer: IPC Server handler 0 on 33667: starting
2014-04-29 23:21:14,959 INFO org.apache.hadoop.ipc.HBaseServer: IPC Server handler 1 on 33667: starting
2014-04-29 23:21:14,960 INFO org.apache.hadoop.ipc.HBaseServer: IPC Server handler 3 on 33667: starting
2014-04-29 23:21:14,960 INFO org.apache.hadoop.ipc.HBaseServer: IPC Server handler 2 on 33667: starting
2014-04-29 23:21:14,961 INFO org.apache.hadoop.ipc.HBaseServer: IPC Server handler 4 on 33667: starting
2014-04-29 23:21:14,961 INFO org.apache.hadoop.ipc.HBaseServer: IPC Server handler 5 on 33667: starting
2014-04-29 23:21:14,962 INFO org.apache.hadoop.ipc.HBaseServer: IPC Server handler 7 on 33667: starting
2014-04-29 23:21:14,962 INFO org.apache.hadoop.ipc.HBaseServer: IPC Server handler 6 on 33667: starting
2014-04-29 23:21:14,963 INFO org.apache.hadoop.ipc.HBaseServer: IPC Server handler 8 on 33667: starting
2014-04-29 23:21:14,963 INFO org.apache.hadoop.ipc.HBaseServer: PRI IPC Server handler 0 on 33667: starting
2014-04-29 23:21:14,963 INFO org.apache.hadoop.ipc.HBaseServer: IPC Server handler 9 on 33667: starting
2014-04-29 23:21:14,964 INFO org.apache.hadoop.ipc.HBaseServer: PRI IPC Server handler 2 on 33667: starting
2014-04-29 23:21:14,964 INFO org.apache.hadoop.ipc.HBaseServer: PRI IPC Server handler 1 on 33667: starting
2014-04-29 23:21:14,965 INFO org.apache.hadoop.ipc.HBaseServer: PRI IPC Server handler 3 on 33667: starting
2014-04-29 23:21:14,965 INFO org.apache.hadoop.ipc.HBaseServer: PRI IPC Server handler 5 on 33667: starting
2014-04-29 23:21:14,965 INFO org.apache.hadoop.ipc.HBaseServer: PRI IPC Server handler 4 on 33667: starting
2014-04-29 23:21:14,966 INFO org.apache.hadoop.ipc.HBaseServer: PRI IPC Server handler 7 on 33667: starting
2014-04-29 23:21:14,966 INFO org.apache.hadoop.ipc.HBaseServer: PRI IPC Server handler 6 on 33667: starting
2014-04-29 23:21:14,967 INFO org.apache.hadoop.ipc.HBaseServer: PRI IPC Server handler 8 on 33667: starting
2014-04-29 23:21:14,967 INFO org.apache.hadoop.hbase.regionserver.HRegionServer: Serving as asusnotebook,33667,1398806470905, RPC listening on /127.0.0.1:33667, sessionid=0x145af5cdf0f0002
2014-04-29 23:21:14,967 INFO org.apache.hadoop.hbase.regionserver.StoreFile: Allocating LruBlockCache with maximum size 193,4m
2014-04-29 23:21:14,968 INFO org.apache.hadoop.ipc.HBaseServer: PRI IPC Server handler 9 on 33667: starting
2014-04-29 23:21:15,087 INFO org.apache.hadoop.hbase.master.ServerManager: Waiting on regionserver(s) count to settle; currently=1
2014-04-29 23:21:16,588 INFO org.apache.hadoop.hbase.master.ServerManager: Finished waiting for regionserver count to settle; count=1, sleptFor=4500
2014-04-29 23:21:16,614 INFO org.apache.hadoop.hbase.master.ServerManager: Exiting wait on regionserver(s) to checkin; count=1, stopped=false, count of regions out on cluster=0
2014-04-29 23:21:16,616 INFO org.apache.hadoop.hbase.master.MasterFileSystem: Log folder file:/var/bigdata/hbase/tmp/hbase/.logs/asusnotebook,33667,1398806470905 belongs to an existing region server
2014-04-29 23:21:17,619 INFO org.apache.hadoop.hbase.catalog.RootLocationEditor: Unsetting ROOT region location in ZooKeeper
2014-04-29 23:21:17,621 INFO org.apache.zookeeper.server.PrepRequestProcessor: Got user-level KeeperException when processing sessionid:0x145af5cdf0f0000 type:delete cxid:0x15 zxid:0xfffffffffffffffe txntype:unknown reqpath:n/a Error Path:/hbase/root-region-server Error:KeeperErrorCode = NoNode for /hbase/root-region-server
2014-04-29 23:21:17,677 DEBUG org.apache.hadoop.hbase.zookeeper.ZKAssign: master:43512-0x145af5cdf0f0000 Creating (or updating) unassigned node for 70236052 with OFFLINE state
2014-04-29 23:21:17,711 DEBUG org.apache.hadoop.hbase.master.AssignmentManager: No previous transition plan was found (or we are ignoring an existing plan) for -ROOT-,,0.70236052 so generated a random one; hri=-ROOT-,,0.70236052, src=, dest=asusnotebook,33667,1398806470905; 1 (online=1, exclude=null) available servers
2014-04-29 23:21:17,711 DEBUG org.apache.hadoop.hbase.master.AssignmentManager: Assigning region -ROOT-,,0.70236052 to asusnotebook,33667,1398806470905
2014-04-29 23:21:17,712 DEBUG org.apache.hadoop.hbase.master.ServerManager: New connection to asusnotebook,33667,1398806470905
2014-04-29 23:21:17,726 INFO org.apache.hadoop.hbase.regionserver.HRegionServer: Received request to open region: -ROOT-,,0.70236052
2014-04-29 23:21:17,728 DEBUG org.apache.hadoop.hbase.regionserver.handler.OpenRegionHandler: Processing open of -ROOT-,,0.70236052
2014-04-29 23:21:17,728 DEBUG org.apache.hadoop.hbase.zookeeper.ZKAssign: regionserver:33667-0x145af5cdf0f0002 Attempting to transition node 70236052/-ROOT- from M_ZK_REGION_OFFLINE to RS_ZK_REGION_OPENING
2014-04-29 23:21:17,765 DEBUG org.apache.hadoop.hbase.zookeeper.ZKAssign: regionserver:33667-0x145af5cdf0f0002 Successfully transitioned node 70236052 from M_ZK_REGION_OFFLINE to RS_ZK_REGION_OPENING
2014-04-29 23:21:17,766 DEBUG org.apache.hadoop.hbase.master.AssignmentManager: Handling transition=RS_ZK_REGION_OPENING, server=asusnotebook,33667,1398806470905, region=70236052/-ROOT-
2014-04-29 23:21:17,767 DEBUG org.apache.hadoop.hbase.regionserver.HRegion: Opening region: REGION => {NAME => '-ROOT-,,0', STARTKEY => '', ENDKEY => '', ENCODED => 70236052, TABLE => {{NAME => '-ROOT-', IS_ROOT => 'true', IS_META => 'true', FAMILIES => [{NAME => 'info', BLOOMFILTER => 'NONE', REPLICATION_SCOPE => '0', VERSIONS => '10', COMPRESSION => 'NONE', TTL => '2147483647', BLOCKSIZE => '8192', IN_MEMORY => 'true', BLOCKCACHE => 'true'}]}}
2014-04-29 23:21:17,767 DEBUG org.apache.hadoop.hbase.regionserver.HRegion: Instantiated -ROOT-,,0.70236052
2014-04-29 23:21:17,771 DEBUG org.apache.hadoop.hbase.regionserver.Store: loaded file:/var/bigdata/hbase/tmp/hbase/-ROOT-/70236052/info/8962687724863715942, isReference=false, isBulkLoadResult=false, seqid=2, majorCompaction=false
2014-04-29 23:21:17,771 INFO org.apache.hadoop.hbase.regionserver.HRegion: Onlined -ROOT-,,0.70236052; next sequenceid=3
2014-04-29 23:21:17,771 DEBUG org.apache.hadoop.hbase.zookeeper.ZKAssign: regionserver:33667-0x145af5cdf0f0002 Attempting to transition node 70236052/-ROOT- from RS_ZK_REGION_OPENING to RS_ZK_REGION_OPENING
2014-04-29 23:21:17,810 DEBUG org.apache.hadoop.hbase.zookeeper.ZKAssign: regionserver:33667-0x145af5cdf0f0002 Successfully transitioned node 70236052 from RS_ZK_REGION_OPENING to RS_ZK_REGION_OPENING
2014-04-29 23:21:17,811 DEBUG org.apache.hadoop.hbase.master.AssignmentManager: Handling transition=RS_ZK_REGION_OPENING, server=asusnotebook,33667,1398806470905, region=70236052/-ROOT-
2014-04-29 23:21:17,812 INFO org.apache.hadoop.hbase.catalog.RootLocationEditor: Setting ROOT region location in ZooKeeper as asusnotebook:33667
2014-04-29 23:21:17,846 INFO org.apache.hadoop.hbase.master.HMaster: -ROOT- assigned=1, rit=false, location=asusnotebook:33667
2014-04-29 23:21:17,847 DEBUG org.apache.hadoop.hbase.zookeeper.ZKAssign: regionserver:33667-0x145af5cdf0f0002 Attempting to transition node 70236052/-ROOT- from RS_ZK_REGION_OPENING to RS_ZK_REGION_OPENED
2014-04-29 23:21:17,862 DEBUG org.apache.hadoop.hbase.zookeeper.ZKAssign: master:43512-0x145af5cdf0f0000 Creating (or updating) unassigned node for 1028785192 with OFFLINE state
2014-04-29 23:21:17,877 DEBUG org.apache.hadoop.hbase.zookeeper.ZKAssign: regionserver:33667-0x145af5cdf0f0002 Successfully transitioned node 70236052 from RS_ZK_REGION_OPENING to RS_ZK_REGION_OPENED
2014-04-29 23:21:17,878 DEBUG org.apache.hadoop.hbase.regionserver.handler.OpenRegionHandler: Opened -ROOT-,,0.70236052
2014-04-29 23:21:17,878 DEBUG org.apache.hadoop.hbase.master.AssignmentManager: Handling transition=RS_ZK_REGION_OPENED, server=asusnotebook,33667,1398806470905, region=70236052/-ROOT-
2014-04-29 23:21:17,879 DEBUG org.apache.hadoop.hbase.master.handler.OpenedRegionHandler: Handling OPENED event for 70236052; deleting unassigned node
2014-04-29 23:21:17,879 DEBUG org.apache.hadoop.hbase.zookeeper.ZKAssign: master:43512-0x145af5cdf0f0000 Deleting existing unassigned node for 70236052 that is in expected state RS_ZK_REGION_OPENED
2014-04-29 23:21:17,912 DEBUG org.apache.hadoop.hbase.master.AssignmentManager: Handling transition=M_ZK_REGION_OFFLINE, server=asusnotebook:43512, region=1028785192/.META.
2014-04-29 23:21:17,912 DEBUG org.apache.hadoop.hbase.master.AssignmentManager: No previous transition plan was found (or we are ignoring an existing plan) for .META.,,1.1028785192 so generated a random one; hri=.META.,,1.1028785192, src=, dest=asusnotebook,33667,1398806470905; 1 (online=1, exclude=null) available servers
2014-04-29 23:21:17,912 DEBUG org.apache.hadoop.hbase.master.AssignmentManager: Assigning region .META.,,1.1028785192 to asusnotebook,33667,1398806470905
2014-04-29 23:21:17,914 INFO org.apache.hadoop.hbase.regionserver.HRegionServer: Received request to open region: .META.,,1.1028785192
2014-04-29 23:21:17,915 DEBUG org.apache.hadoop.hbase.regionserver.handler.OpenRegionHandler: Processing open of .META.,,1.1028785192
2014-04-29 23:21:17,915 DEBUG org.apache.hadoop.hbase.zookeeper.ZKAssign: regionserver:33667-0x145af5cdf0f0002 Attempting to transition node 1028785192/.META. from M_ZK_REGION_OFFLINE to RS_ZK_REGION_OPENING
2014-04-29 23:21:17,944 DEBUG org.apache.hadoop.hbase.zookeeper.ZKAssign: master:43512-0x145af5cdf0f0000 Successfully deleted unassigned node for region 70236052 in expected state RS_ZK_REGION_OPENED
2014-04-29 23:21:17,945 DEBUG org.apache.hadoop.hbase.master.handler.OpenedRegionHandler: Opened region -ROOT-,,0.70236052 on asusnotebook,33667,1398806470905
2014-04-29 23:21:17,978 DEBUG org.apache.hadoop.hbase.zookeeper.ZKAssign: regionserver:33667-0x145af5cdf0f0002 Successfully transitioned node 1028785192 from M_ZK_REGION_OFFLINE to RS_ZK_REGION_OPENING
2014-04-29 23:21:17,979 DEBUG org.apache.hadoop.hbase.regionserver.HRegion: Opening region: REGION => {NAME => '.META.,,1', STARTKEY => '', ENDKEY => '', ENCODED => 1028785192, TABLE => {{NAME => '.META.', IS_META => 'true', FAMILIES => [{NAME => 'info', BLOOMFILTER => 'NONE', REPLICATION_SCOPE => '0', VERSIONS => '10', COMPRESSION => 'NONE', TTL => '2147483647', BLOCKSIZE => '8192', IN_MEMORY => 'true', BLOCKCACHE => 'true'}]}}
2014-04-29 23:21:17,979 DEBUG org.apache.hadoop.hbase.master.AssignmentManager: Handling transition=RS_ZK_REGION_OPENING, server=asusnotebook,33667,1398806470905, region=1028785192/.META.
2014-04-29 23:21:17,979 DEBUG org.apache.hadoop.hbase.regionserver.HRegion: Instantiated .META.,,1.1028785192
2014-04-29 23:21:17,981 INFO org.apache.hadoop.hbase.regionserver.HRegion: Onlined .META.,,1.1028785192; next sequenceid=1
2014-04-29 23:21:17,981 DEBUG org.apache.hadoop.hbase.zookeeper.ZKAssign: regionserver:33667-0x145af5cdf0f0002 Attempting to transition node 1028785192/.META. from RS_ZK_REGION_OPENING to RS_ZK_REGION_OPENING
2014-04-29 23:21:18,023 DEBUG org.apache.hadoop.hbase.zookeeper.ZKAssign: regionserver:33667-0x145af5cdf0f0002 Successfully transitioned node 1028785192 from RS_ZK_REGION_OPENING to RS_ZK_REGION_OPENING
2014-04-29 23:21:18,023 DEBUG org.apache.hadoop.hbase.master.AssignmentManager: Handling transition=RS_ZK_REGION_OPENING, server=asusnotebook,33667,1398806470905, region=1028785192/.META.
2014-04-29 23:21:18,027 INFO org.apache.hadoop.hbase.catalog.MetaEditor: Updated row .META.,,1.1028785192 in region -ROOT-,,0 with server=asusnotebook:33667, startcode=1398806470905
2014-04-29 23:21:18,028 DEBUG org.apache.hadoop.hbase.zookeeper.ZKAssign: regionserver:33667-0x145af5cdf0f0002 Attempting to transition node 1028785192/.META. from RS_ZK_REGION_OPENING to RS_ZK_REGION_OPENED
2014-04-29 23:21:18,057 DEBUG org.apache.hadoop.hbase.zookeeper.ZKAssign: regionserver:33667-0x145af5cdf0f0002 Successfully transitioned node 1028785192 from RS_ZK_REGION_OPENING to RS_ZK_REGION_OPENED
2014-04-29 23:21:18,057 DEBUG org.apache.hadoop.hbase.regionserver.handler.OpenRegionHandler: Opened .META.,,1.1028785192
2014-04-29 23:21:18,057 DEBUG org.apache.hadoop.hbase.master.AssignmentManager: Handling transition=RS_ZK_REGION_OPENED, server=asusnotebook,33667,1398806470905, region=1028785192/.META.
2014-04-29 23:21:18,058 DEBUG org.apache.hadoop.hbase.master.handler.OpenedRegionHandler: Handling OPENED event for 1028785192; deleting unassigned node
2014-04-29 23:21:18,058 DEBUG org.apache.hadoop.hbase.zookeeper.ZKAssign: master:43512-0x145af5cdf0f0000 Deleting existing unassigned node for 1028785192 that is in expected state RS_ZK_REGION_OPENED
2014-04-29 23:21:18,090 DEBUG org.apache.hadoop.hbase.zookeeper.ZKAssign: master:43512-0x145af5cdf0f0000 Successfully deleted unassigned node for region 1028785192 in expected state RS_ZK_REGION_OPENED
2014-04-29 23:21:18,091 INFO org.apache.hadoop.hbase.zookeeper.MetaNodeTracker: Detected completed assignment of META, notifying catalog tracker
2014-04-29 23:21:18,091 INFO org.apache.hadoop.hbase.zookeeper.MetaNodeTracker: Detected completed assignment of META, notifying catalog tracker
2014-04-29 23:21:18,091 DEBUG org.apache.hadoop.hbase.master.handler.OpenedRegionHandler: Opened region .META.,,1.1028785192 on asusnotebook,33667,1398806470905
2014-04-29 23:21:18,095 INFO org.apache.hadoop.hbase.master.HMaster: .META. assigned=2, rit=false, location=asusnotebook:33667
2014-04-29 23:21:18,095 INFO org.apache.hadoop.hbase.master.HMaster: Master startup proceeding: cluster startup
2014-04-29 23:21:18,095 DEBUG org.apache.hadoop.hbase.zookeeper.ZKAssign: master:43512-0x145af5cdf0f0000 Deleting any existing unassigned nodes
2014-04-29 23:21:18,105 INFO org.apache.hadoop.hbase.master.HMaster: Master has completed initialization
2014-04-29 23:21:18,110 DEBUG org.apache.hadoop.hbase.master.CatalogJanitor: Scanned 0 catalog row(s) and gc'd 0 unreferenced parent region(s)
2014-04-29 23:21:25,156 INFO org.apache.zookeeper.server.NIOServerCnxn: Accepted socket connection from /127.0.0.1:35224
2014-04-29 23:21:25,158 INFO org.apache.zookeeper.server.NIOServerCnxn: Client attempting to establish new session at /127.0.0.1:35224
2014-04-29 23:21:25,202 INFO org.apache.zookeeper.server.NIOServerCnxn: Established session 0x145af5cdf0f0004 with negotiated timeout 40000 for client /127.0.0.1:35224
2014-04-29 23:21:27,524 WARN org.apache.zookeeper.server.NIOServerCnxn: EndOfStreamException: Unable to read additional data from client sessionid 0x145af5cdf0f0004, likely client has closed socket
2014-04-29 23:21:27,525 INFO org.apache.zookeeper.server.NIOServerCnxn: Closed socket connection for client /127.0.0.1:35224 which had sessionid 0x145af5cdf0f0004
